<?xml version="1.0" encoding="UTF-8"?>
<!-- Generated by org.testng.reporters.JUnitXMLReporter -->
<testsuite hostname="IONDELLT346" ignored="1" tests="1" failures="0" timestamp="2022-10-17T23:07:26 IST" time="86.985" errors="0">
  <testcase name="generateUserRegisterAndThenPlaceAndValidateTheOrder" time="74.718" classname="RegisterAndOrderTest"/>
  <testcase name="useAlreadyRegisteredUserEmailIdAndValidateRegistrationGetsFailed" time="0.0" classname="RegisterAndOrderTest">
    <ignored/>
  </testcase> <!-- useAlreadyRegisteredUserEmailIdAndValidateRegistrationGetsFailed -->
</testsuite>
